-- Install configuration: ""
-- Up-to-date: /home/juju/CDF/ros2_ws/install/diffdrive_description/share/diffdrive_description//rviz
-- Up-to-date: /home/juju/CDF/ros2_ws/install/diffdrive_description/share/diffdrive_description//rviz/diffdrive.rviz
-- Up-to-date: /home/juju/CDF/ros2_ws/install/diffdrive_description/share/diffdrive_description//launch
-- Up-to-date: /home/juju/CDF/ros2_ws/install/diffdrive_description/share/diffdrive_description//launch/rsp.launch.py
-- Up-to-date: /home/juju/CDF/ros2_ws/install/diffdrive_description/share/diffdrive_description//launch/start_rviz.launch.py
-- Up-to-date: /home/juju/CDF/ros2_ws/install/diffdrive_description/share/diffdrive_description//launch/launch_sim.launch.py
-- Up-to-date: /home/juju/CDF/ros2_ws/install/diffdrive_description/share/diffdrive_description//launch/diffdrive.launch.py
-- Up-to-date: /home/juju/CDF/ros2_ws/install/diffdrive_description/share/diffdrive_description//diffdrive
-- Up-to-date: /home/juju/CDF/ros2_ws/install/diffdrive_description/share/diffdrive_description//diffdrive/gazebo_control.xacro
-- Up-to-date: /home/juju/CDF/ros2_ws/install/diffdrive_description/share/diffdrive_description//diffdrive/robot_core.xacro
-- Up-to-date: /home/juju/CDF/ros2_ws/install/diffdrive_description/share/diffdrive_description//diffdrive/inertial_macros.xacro
-- Installing: /home/juju/CDF/ros2_ws/install/diffdrive_description/share/diffdrive_description//diffdrive/robot.urdf.xacro
-- Up-to-date: /home/juju/CDF/ros2_ws/install/diffdrive_description/share/diffdrive_description//world
-- Up-to-date: /home/juju/CDF/ros2_ws/install/diffdrive_description/share/diffdrive_description//world/table.world
-- Up-to-date: /home/juju/CDF/ros2_ws/install/diffdrive_description/share/diffdrive_description//world/table
-- Up-to-date: /home/juju/CDF/ros2_ws/install/diffdrive_description/share/diffdrive_description//world/table/model.sdf
-- Up-to-date: /home/juju/CDF/ros2_ws/install/diffdrive_description/share/diffdrive_description//world/table/model.config
-- Up-to-date: /home/juju/CDF/ros2_ws/install/diffdrive_description/share/ament_index/resource_index/package_run_dependencies/diffdrive_description
-- Up-to-date: /home/juju/CDF/ros2_ws/install/diffdrive_description/share/ament_index/resource_index/parent_prefix_path/diffdrive_description
-- Up-to-date: /home/juju/CDF/ros2_ws/install/diffdrive_description/share/diffdrive_description/environment/ament_prefix_path.sh
-- Up-to-date: /home/juju/CDF/ros2_ws/install/diffdrive_description/share/diffdrive_description/environment/ament_prefix_path.dsv
-- Up-to-date: /home/juju/CDF/ros2_ws/install/diffdrive_description/share/diffdrive_description/environment/path.sh
-- Up-to-date: /home/juju/CDF/ros2_ws/install/diffdrive_description/share/diffdrive_description/environment/path.dsv
-- Up-to-date: /home/juju/CDF/ros2_ws/install/diffdrive_description/share/diffdrive_description/local_setup.bash
-- Up-to-date: /home/juju/CDF/ros2_ws/install/diffdrive_description/share/diffdrive_description/local_setup.sh
-- Up-to-date: /home/juju/CDF/ros2_ws/install/diffdrive_description/share/diffdrive_description/local_setup.zsh
-- Up-to-date: /home/juju/CDF/ros2_ws/install/diffdrive_description/share/diffdrive_description/local_setup.dsv
-- Up-to-date: /home/juju/CDF/ros2_ws/install/diffdrive_description/share/diffdrive_description/package.dsv
-- Up-to-date: /home/juju/CDF/ros2_ws/install/diffdrive_description/share/ament_index/resource_index/packages/diffdrive_description
-- Up-to-date: /home/juju/CDF/ros2_ws/install/diffdrive_description/share/diffdrive_description/cmake/diffdrive_descriptionConfig.cmake
-- Up-to-date: /home/juju/CDF/ros2_ws/install/diffdrive_description/share/diffdrive_description/cmake/diffdrive_descriptionConfig-version.cmake
-- Up-to-date: /home/juju/CDF/ros2_ws/install/diffdrive_description/share/diffdrive_description/package.xml
